<?xml version="1.0" encoding="UTF-8"?>
<testsuite xmlns:xsi="http://www.w3.org/2001/XMLSchema-instance" xsi:noNamespaceSchemaLocation="https://maven.apache.org/surefire/maven-surefire-plugin/xsd/surefire-test-report-3.0.xsd" version="3.0" name="com.school.PortalEscolarApplicationTests" time="19.126" tests="1" errors="0" skipped="0" failures="0">
  <properties>
[...]
</properties>
  <testcase name="contextLoads" classname="com.school.PortalEscolarApplicationTests" time="2.986">
    <system-out><![CDATA[13:49:26.690 [main] INFO org.springframework.test.context.support.AnnotationConfigContextLoaderUtils -- Could not detect default configuration classes for test class [com.school.PortalEscolarApplicationTests]: PortalEscolarApplicationTests does not declare any static, non-private, non-final, nested classes annotated with @Configuration.
13:49:27.033 [main] INFO org.springframework.boot.test.context.SpringBootTestContextBootstrapper -- Found @SpringBootConfiguration com.school.PortalEscolarApplication for test class com.school.PortalEscolarApplicationTests
13:49:27.656 [main] INFO org.springframework.boot.devtools.restart.RestartApplicationListener -- Restart disabled due to context in which it is running
  .   ____          _            __ _ _
 /\\ / ___'_ __ _ _(_)_ __  __ _ \ \ \ \
( ( )\___ | '_ | '_| | '_ \/ _` | \ \ \ \
 \\/  ___)| |_)| | | | | || (_| |  ) ) ) )
  '  |____| .__|_| |_|_| |_\__, | / / / /
 =========|_|==============|___/=/_/_/_/

 :: Spring Boot ::                (v3.3.0)

2024-06-07T13:49:28.455-05:00  INFO 12172 --- [PortalEscolar] [           main] c.school.PortalEscolarApplicationTests   : Starting PortalEscolarApplicationTests using Java 17.0.6 with PID 12172 (started by Lewis in C:\Users\Lewis\Desktop\com\com)
2024-06-07T13:49:28.459-05:00  INFO 12172 --- [PortalEscolar] [           main] c.school.PortalEscolarApplicationTests   : No active profile set, falling back to 1 default profile: "default"
2024-06-07T13:49:31.415-05:00  INFO 12172 --- [PortalEscolar] [           main] .s.d.r.c.RepositoryConfigurationDelegate : Bootstrapping Spring Data MongoDB repositories in DEFAULT mode.
2024-06-07T13:49:31.900-05:00  INFO 12172 --- [PortalEscolar] [           main] .s.d.r.c.RepositoryConfigurationDelegate : Finished Spring Data repository scanning in 470 ms. Found 20 MongoDB repository interfaces.
2024-06-07T13:49:33.816-05:00  INFO 12172 --- [PortalEscolar] [hbh.mongodb.net] org.mongodb.driver.cluster               : Adding discovered server ac-d5km69q-shard-00-01.bhruhbh.mongodb.net:27017 to client view of cluster
2024-06-07T13:49:33.879-05:00  INFO 12172 --- [PortalEscolar] [           main] org.mongodb.driver.client                : MongoClient with metadata {"driver": {"name": "mongo-java-driver|sync", "version": "5.0.1"}, "os": {"type": "Windows", "name": "Windows 10", "architecture": "amd64", "version": "10.0"}, "platform": "Java/Oracle Corporation/17.0.6+9-LTS-190"} created with settings MongoClientSettings{readPreference=primary, writeConcern=WriteConcern{w=null, wTimeout=null ms, journal=null}, retryWrites=true, retryReads=true, readConcern=ReadConcern{level=null}, credential=MongoCredential{mechanism=null, userName='Johan', source='admin', password=<hidden>, mechanismProperties=<hidden>}, transportSettings=null, commandListeners=[], codecRegistry=ProvidersCodecRegistry{codecProviders=[ValueCodecProvider{}, BsonValueCodecProvider{}, DBRefCodecProvider{}, DBObjectCodecProvider{}, DocumentCodecProvider{}, CollectionCodecProvider{}, IterableCodecProvider{}, MapCodecProvider{}, GeoJsonCodecProvider{}, GridFSFileCodecProvider{}, Jsr310CodecProvider{}, JsonObjectCodecProvider{}, BsonCodecProvider{}, EnumCodecProvider{}, com.mongodb.client.model.mql.ExpressionCodecProvider@611b35d6, com.mongodb.Jep395RecordCodecProvider@2282400e, com.mongodb.KotlinCodecProvider@543d5863]}, loggerSettings=LoggerSettings{maxDocumentLength=1000}, clusterSettings={hosts=[127.0.0.1:27017], srvHost=pc1-jsjf.bhruhbh.mongodb.net, srvServiceName=mongodb, mode=MULTIPLE, requiredClusterType=REPLICA_SET, requiredReplicaSetName='atlas-il9a9j-shard-0', serverSelector='null', clusterListeners='[]', serverSelectionTimeout='30000 ms', localThreshold='15 ms'}, socketSettings=SocketSettings{connectTimeoutMS=10000, readTimeoutMS=0, receiveBufferSize=0, proxySettings=ProxySettings{host=null, port=null, username=null, password=null}}, heartbeatSocketSettings=SocketSettings{connectTimeoutMS=10000, readTimeoutMS=10000, receiveBufferSize=0, proxySettings=ProxySettings{host=null, port=null, username=null, password=null}}, connectionPoolSettings=ConnectionPoolSettings{maxSize=100, minSize=0, maxWaitTimeMS=120000, maxConnectionLifeTimeMS=0, maxConnectionIdleTimeMS=0, maintenanceInitialDelayMS=0, maintenanceFrequencyMS=60000, connectionPoolListeners=[], maxConnecting=2}, serverSettings=ServerSettings{heartbeatFrequencyMS=10000, minHeartbeatFrequencyMS=500, serverListeners='[]', serverMonitorListeners='[]'}, sslSettings=SslSettings{enabled=true, invalidHostNameAllowed=false, context=null}, applicationName='null', compressorList=[], uuidRepresentation=UNSPECIFIED, serverApi=null, autoEncryptionSettings=null, dnsClient=null, inetAddressResolver=null, contextProvider=null}
2024-06-07T13:49:33.894-05:00  INFO 12172 --- [PortalEscolar] [hbh.mongodb.net] org.mongodb.driver.cluster               : Adding discovered server ac-d5km69q-shard-00-00.bhruhbh.mongodb.net:27017 to client view of cluster
2024-06-07T13:49:33.902-05:00  INFO 12172 --- [PortalEscolar] [hbh.mongodb.net] org.mongodb.driver.cluster               : Adding discovered server ac-d5km69q-shard-00-02.bhruhbh.mongodb.net:27017 to client view of cluster
2024-06-07T13:49:35.394-05:00  INFO 12172 --- [PortalEscolar] [ngodb.net:27017] org.mongodb.driver.cluster               : Monitor thread successfully connected to server with description ServerDescription{address=ac-d5km69q-shard-00-02.bhruhbh.mongodb.net:27017, type=REPLICA_SET_PRIMARY, state=CONNECTED, ok=true, minWireVersion=0, maxWireVersion=21, maxDocumentSize=16777216, logicalSessionTimeoutMinutes=30, roundTripTimeNanos=665901300, setName='atlas-il9a9j-shard-0', canonicalAddress=ac-d5km69q-shard-00-02.bhruhbh.mongodb.net:27017, hosts=[ac-d5km69q-shard-00-01.bhruhbh.mongodb.net:27017, ac-d5km69q-shard-00-00.bhruhbh.mongodb.net:27017, ac-d5km69q-shard-00-02.bhruhbh.mongodb.net:27017], passives=[], arbiters=[], primary='ac-d5km69q-shard-00-02.bhruhbh.mongodb.net:27017', tagSet=TagSet{[Tag{name='availabilityZone', value='use1-az6'}, Tag{name='diskState', value='READY'}, Tag{name='nodeType', value='ELECTABLE'}, Tag{name='provider', value='AWS'}, Tag{name='region', value='US_EAST_1'}, Tag{name='workloadType', value='OPERATIONAL'}]}, electionId=7fffffff0000000000000181, setVersion=34, topologyVersion=TopologyVersion{processId=666262113d9ddc4d6fb49845, counter=6}, lastWriteDate=Fri Jun 07 13:49:39 COT 2024, lastUpdateTimeNanos=624351079689100}
2024-06-07T13:49:35.395-05:00  INFO 12172 --- [PortalEscolar] [ngodb.net:27017] org.mongodb.driver.cluster               : Monitor thread successfully connected to server with description ServerDescription{address=ac-d5km69q-shard-00-01.bhruhbh.mongodb.net:27017, type=REPLICA_SET_SECONDARY, state=CONNECTED, ok=true, minWireVersion=0, maxWireVersion=21, maxDocumentSize=16777216, logicalSessionTimeoutMinutes=30, roundTripTimeNanos=663517000, setName='atlas-il9a9j-shard-0', canonicalAddress=ac-d5km69q-shard-00-01.bhruhbh.mongodb.net:27017, hosts=[ac-d5km69q-shard-00-01.bhruhbh.mongodb.net:27017, ac-d5km69q-shard-00-00.bhruhbh.mongodb.net:27017, ac-d5km69q-shard-00-02.bhruhbh.mongodb.net:27017], passives=[], arbiters=[], primary='ac-d5km69q-shard-00-02.bhruhbh.mongodb.net:27017', tagSet=TagSet{[Tag{name='availabilityZone', value='use1-az4'}, Tag{name='diskState', value='READY'}, Tag{name='nodeType', value='ELECTABLE'}, Tag{name='provider', value='AWS'}, Tag{name='region', value='US_EAST_1'}, Tag{name='workloadType', value='OPERATIONAL'}]}, electionId=null, setVersion=34, topologyVersion=TopologyVersion{processId=66626498dc4368632ee3e984, counter=3}, lastWriteDate=Fri Jun 07 13:49:39 COT 2024, lastUpdateTimeNanos=624351078821700}
2024-06-07T13:49:35.396-05:00  INFO 12172 --- [PortalEscolar] [ngodb.net:27017] org.mongodb.driver.cluster               : Monitor thread successfully connected to server with description ServerDescription{address=ac-d5km69q-shard-00-00.bhruhbh.mongodb.net:27017, type=REPLICA_SET_SECONDARY, state=CONNECTED, ok=true, minWireVersion=0, maxWireVersion=21, maxDocumentSize=16777216, logicalSessionTimeoutMinutes=30, roundTripTimeNanos=664415000, setName='atlas-il9a9j-shard-0', canonicalAddress=ac-d5km69q-shard-00-00.bhruhbh.mongodb.net:27017, hosts=[ac-d5km69q-shard-00-01.bhruhbh.mongodb.net:27017, ac-d5km69q-shard-00-00.bhruhbh.mongodb.net:27017, ac-d5km69q-shard-00-02.bhruhbh.mongodb.net:27017], passives=[], arbiters=[], primary='ac-d5km69q-shard-00-02.bhruhbh.mongodb.net:27017', tagSet=TagSet{[Tag{name='availabilityZone', value='use1-az2'}, Tag{name='diskState', value='READY'}, Tag{name='nodeType', value='ELECTABLE'}, Tag{name='provider', value='AWS'}, Tag{name='region', value='US_EAST_1'}, Tag{name='workloadType', value='OPERATIONAL'}]}, electionId=null, setVersion=34, topologyVersion=TopologyVersion{processId=6662634ed932c52951bcfd06, counter=4}, lastWriteDate=Fri Jun 07 13:49:39 COT 2024, lastUpdateTimeNanos=624351079689200}
2024-06-07T13:49:35.405-05:00  INFO 12172 --- [PortalEscolar] [ngodb.net:27017] org.mongodb.driver.cluster               : Discovered replica set primary ac-d5km69q-shard-00-02.bhruhbh.mongodb.net:27017 with max election id 7fffffff0000000000000181 and max set version 34
2024-06-07T13:49:37.355-05:00  INFO 12172 --- [PortalEscolar] [           main] r$InitializeUserDetailsManagerConfigurer : Global AuthenticationManager configured with UserDetailsService bean with name userDetailsServiceImpl
2024-06-07T13:49:37.804-05:00  INFO 12172 --- [PortalEscolar] [           main] o.s.b.a.w.s.WelcomePageHandlerMapping    : Adding welcome page template: index
2024-06-07T13:49:38.925-05:00  INFO 12172 --- [PortalEscolar] [           main] o.s.s.web.DefaultSecurityFilterChain     : Will secure any request with [org.springframework.security.web.session.DisableEncodeUrlFilter@53f495f0, org.springframework.security.web.context.request.async.WebAsyncManagerIntegrationFilter@5efe5b25, org.springframework.security.web.context.SecurityContextHolderFilter@1c92a549, org.springframework.security.web.header.HeaderWriterFilter@7740b0ab, org.springframework.security.web.authentication.logout.LogoutFilter@525b8922, org.springframework.security.web.authentication.UsernamePasswordAuthenticationFilter@74fc3fc7, org.springframework.security.web.savedrequest.RequestCacheAwareFilter@1716c037, org.springframework.security.web.servletapi.SecurityContextHolderAwareRequestFilter@708769b7, org.springframework.security.web.authentication.AnonymousAuthenticationFilter@45707f76, org.springframework.security.web.session.SessionManagementFilter@3f322610, org.springframework.security.web.access.ExceptionTranslationFilter@110620d, org.springframework.security.web.access.intercept.AuthorizationFilter@58e02359]
2024-06-07T13:49:40.556-05:00  INFO 12172 --- [PortalEscolar] [           main] c.school.PortalEscolarApplicationTests   : Started PortalEscolarApplicationTests in 12.931 seconds (process running for 15.843)
]]></system-out>
  </testcase>
</testsuite>